
Bookモデルのテスト
  バリデーションのテスト
    titleカラム
[32m      空欄でないこと[0m
    bodyカラム
[32m      空欄でないこと[0m
[32m      200文字以下であること[0m
  アソシエーションのテスト
    Userモデルとの関係
[32m      N:1となっている[0m

Userモデルのテスト
  バリデーションのテスト
    nameカラム
[32m      空欄でないこと[0m
[32m      2文字以上であること[0m
[32m      20文字以下であること[0m
    introductionカラム
[32m      50文字以下であること[0m
  アソシエーションのテスト
    Bookモデルとの関係
[32m      1:Nとなっている[0m

投稿のテスト
  サイドバーのテスト
    表示の確認
[32m      New bookと表示される[0m
[32m      titleフォームが表示される[0m
[32m      opinionフォームが表示される[0m
[32m      Create Bookボタンが表示される[0m
[32m      投稿に成功する[0m
[31m      投稿に失敗する (FAILED - 1)[0m
  編集のテスト
    自分の投稿の編集画面への遷移
[32m      遷移できる[0m
    他人の投稿の編集画面への遷移
[32m      遷移できない[0m
    表示の確認
[32m      Editing Bookと表示される[0m
[32m      title編集フォームが表示される[0m
[32m      opinion編集フォームが表示される[0m
[31m      Showリンクが表示される (FAILED - 2)[0m
[31m      Backリンクが表示される (FAILED - 3)[0m
    フォームの確認
[32m      編集に成功する[0m
[32m      編集に失敗する[0m
  一覧画面のテスト
    表示の確認
[32m      Booksと表示される[0m
[31m      自分と他人の画像のリンク先が正しい (FAILED - 4)[0m
[32m      自分と他人のタイトルのリンク先が正しい[0m
[32m      自分と他人のオピニオンが表示される[0m
  詳細画面のテスト
    自分・他人共通の投稿詳細画面の表示を確認
[31m      Book detailと表示される (FAILED - 5)[0m
[31m      ユーザー画像・名前のリンク先が正しい (FAILED - 6)[0m
[32m      投稿のtitleが表示される[0m
[32m      投稿のopinionが表示される[0m
    自分の投稿詳細画面の表示を確認
[32m      投稿の編集リンクが表示される[0m
[31m      投稿の削除リンクが表示される (FAILED - 7)[0m
    他人の投稿詳細画面の表示を確認
[32m      投稿の編集リンクが表示されない[0m
[32m      投稿の削除リンクが表示されない[0m

bootstrapのテスト
  グリッドシステムのテスト
    ユーザー関連画面
[31m      一覧画面 (FAILED - 8)[0m
[31m      詳細画面 (FAILED - 9)[0m
    投稿関連画面
[31m      一覧画面 (FAILED - 10)[0m
[31m      詳細画面 (FAILED - 11)[0m

ヘッダーのテスト
  ログインしていない場合
    ヘッダーの表示を確認
[32m      タイトルが表示される[0m
[31m      Homeリンクが表示される (FAILED - 12)[0m
[31m      Aboutリンクが表示される (FAILED - 13)[0m
[31m      Sign upリンクが表示される (FAILED - 14)[0m
[31m      loginリンクが表示される (FAILED - 15)[0m
    ヘッダーのリンクを確認
[32m      Home画面に遷移する[0m
[31m      About画面に遷移する (FAILED - 16)[0m
[31m      新規登録画面に遷移する (FAILED - 17)[0m
[31m      ログイン画面に遷移する (FAILED - 18)[0m
  ログインしている場合
    ヘッダーの表示を確認
[32m      タイトルが表示される[0m
[31m      Homeリンクが表示される (FAILED - 19)[0m
[31m      Usersリンクが表示される (FAILED - 20)[0m
[31m      Booksリンクが表示される (FAILED - 21)[0m
[31m      logoutリンクが表示される (FAILED - 22)[0m
    ヘッダーのリンクを確認
[32m      Home画面に遷移する[0m
[31m      Users画面に遷移する (FAILED - 23)[0m
[31m      Books画面に遷移する (FAILED - 24)[0m
[31m      logoutする (FAILED - 25)[0m

ユーザー権限のテスト
  ログインしていない場合
    投稿関連のURLにアクセス
[32m      一覧画面に遷移できない[0m
[32m      編集画面に遷移できない[0m
[32m      詳細画面に遷移できない[0m
  ログインしていない場合にユーザー関連のURLにアクセス
    ユーザー関連のURLにアクセス
[32m      一覧画面に遷移できない[0m
[32m      編集画面に遷移できない[0m
[32m      詳細画面に遷移でない[0m

トップページのテスト
  ボディ部分のテスト
    表示の確認
[31m      Log inリンクが表示される (FAILED - 26)[0m
[31m      Sign Upリンクが表示される (FAILED - 27)[0m
    ログインしている場合の挙動を確認
[31m      Log inリンクをクリックしたらユーザー詳細画面へ遷移する (FAILED - 28)[0m
[31m      Sign Upリンクをクリックしたらユーザー詳細画面に遷移する (FAILED - 29)[0m
    ログインしていない場合の挙動を確認
[32m      Log inリンクをクリックしたらログイン画面へ遷移する[0m
[31m      Sign Upリンクをクリックしたら新規登録画面に遷移する (FAILED - 30)[0m

ユーザー認証のテスト
  ユーザー新規登録
    新規登録画面に遷移
[32m      新規登録に成功する[0m
[32m      新規登録に失敗する[0m
  ユーザーログイン
    ログイン画面に遷移
[32m      ログインに成功する[0m
[32m      ログインに失敗する[0m

ユーザーのテスト
  サイドバーのテスト
    表示の確認
[31m      User infoと表示される (FAILED - 31)[0m
[32m      画像が表示される[0m
[32m      名前が表示される[0m
[32m      自己紹介が表示される[0m
[32m      編集リンクが表示される[0m
  編集のテスト
    自分の編集画面への遷移
[32m      遷移できる[0m
    他人の編集画面への遷移
[31m      遷移できない (FAILED - 32)[0m
    表示の確認
[31m      User infoと表示される (FAILED - 33)[0m
[32m      名前編集フォームに自分の名前が表示される[0m
[32m      画像編集フォームが表示される[0m
[32m      自己紹介編集フォームに自分の自己紹介が表示される[0m
[32m      編集に成功する[0m
[32m      編集に失敗する[0m
  一覧画面のテスト
    表示の確認
[32m      Usersと表示される[0m
[32m      自分と他の人の画像が表示される[0m
[32m      自分と他の人の名前が表示される[0m
[31m      showリンクが表示される (FAILED - 34)[0m
  詳細画面のテスト
    表示の確認
[32m      Booksと表示される[0m
[32m      投稿一覧のユーザーの画像のリンク先が正しい[0m
[32m      投稿一覧のtitleのリンク先が正しい[0m
[32m      投稿一覧にopinionが表示される[0m

Failures:

  1) 投稿のテスト サイドバーのテスト 表示の確認 投稿に失敗する
     [31mFailure/Error: <h3 class="profile-name"><%= @user.name %></h3>[0m
     [31m[0m
     [31mActionView::Template::Error:[0m
     [31m  undefined method `name' for nil:NilClass[0m
     [31m[0m
     [31m[0m
     [31m[0m
     [36m# ./app/views/users/_user.html.erb:7:in `_app_views_users__user_html_erb___2649469106981886495_54546500'[0m
     [36m# ./app/views/books/index.html.erb:14:in `_app_views_books_index_html_erb__2257465091878531511_74729960'[0m
     [36m# ./app/controllers/books_controller.rb:35:in `create'[0m
     [36m# /home/ec2-user/.rvm/gems/ruby-2.6.3/gems/warden-1.2.9/lib/warden/manager.rb:36:in `block in call'[0m
     [36m# /home/ec2-user/.rvm/gems/ruby-2.6.3/gems/warden-1.2.9/lib/warden/manager.rb:34:in `catch'[0m
     [36m# /home/ec2-user/.rvm/gems/ruby-2.6.3/gems/warden-1.2.9/lib/warden/manager.rb:34:in `call'[0m
     [36m# /home/ec2-user/.rvm/gems/ruby-2.6.3/gems/rack-2.2.3/lib/rack/tempfile_reaper.rb:15:in `call'[0m
     [36m# /home/ec2-user/.rvm/gems/ruby-2.6.3/gems/rack-2.2.3/lib/rack/etag.rb:27:in `call'[0m
     [36m# /home/ec2-user/.rvm/gems/ruby-2.6.3/gems/rack-2.2.3/lib/rack/conditional_get.rb:40:in `call'[0m
     [36m# /home/ec2-user/.rvm/gems/ruby-2.6.3/gems/rack-2.2.3/lib/rack/head.rb:12:in `call'[0m
     [36m# /home/ec2-user/.rvm/gems/ruby-2.6.3/gems/rack-2.2.3/lib/rack/session/abstract/id.rb:266:in `context'[0m
     [36m# /home/ec2-user/.rvm/gems/ruby-2.6.3/gems/rack-2.2.3/lib/rack/session/abstract/id.rb:260:in `call'[0m
     [36m# /home/ec2-user/.rvm/gems/ruby-2.6.3/gems/railties-5.2.4.4/lib/rails/rack/logger.rb:38:in `call_app'[0m
     [36m# /home/ec2-user/.rvm/gems/ruby-2.6.3/gems/railties-5.2.4.4/lib/rails/rack/logger.rb:26:in `block in call'[0m
     [36m# /home/ec2-user/.rvm/gems/ruby-2.6.3/gems/railties-5.2.4.4/lib/rails/rack/logger.rb:26:in `call'[0m
     [36m# /home/ec2-user/.rvm/gems/ruby-2.6.3/gems/rack-2.2.3/lib/rack/method_override.rb:24:in `call'[0m
     [36m# /home/ec2-user/.rvm/gems/ruby-2.6.3/gems/rack-2.2.3/lib/rack/runtime.rb:22:in `call'[0m
     [36m# /home/ec2-user/.rvm/gems/ruby-2.6.3/gems/rack-2.2.3/lib/rack/sendfile.rb:110:in `call'[0m
     [36m# /home/ec2-user/.rvm/gems/ruby-2.6.3/gems/railties-5.2.4.4/lib/rails/engine.rb:524:in `call'[0m
     [36m# /home/ec2-user/.rvm/gems/ruby-2.6.3/gems/rack-2.2.3/lib/rack/urlmap.rb:74:in `block in call'[0m
     [36m# /home/ec2-user/.rvm/gems/ruby-2.6.3/gems/rack-2.2.3/lib/rack/urlmap.rb:58:in `each'[0m
     [36m# /home/ec2-user/.rvm/gems/ruby-2.6.3/gems/rack-2.2.3/lib/rack/urlmap.rb:58:in `call'[0m
     [36m# /home/ec2-user/.rvm/gems/ruby-2.6.3/gems/rack-2.2.3/lib/rack/builder.rb:244:in `call'[0m
     [36m# /home/ec2-user/.rvm/gems/ruby-2.6.3/gems/rack-test-1.1.0/lib/rack/mock_session.rb:29:in `request'[0m
     [36m# /home/ec2-user/.rvm/gems/ruby-2.6.3/gems/rack-test-1.1.0/lib/rack/test.rb:266:in `process_request'[0m
     [36m# /home/ec2-user/.rvm/gems/ruby-2.6.3/gems/rack-test-1.1.0/lib/rack/test.rb:129:in `custom_request'[0m
     [36m# /home/ec2-user/.rvm/gems/ruby-2.6.3/gems/rack-test-1.1.0/lib/rack/test.rb:66:in `post'[0m
     [36m# /home/ec2-user/.rvm/gems/ruby-2.6.3/gems/capybara-3.33.0/lib/capybara/rack_test/browser.rb:70:in `process'[0m
     [36m# /home/ec2-user/.rvm/gems/ruby-2.6.3/gems/capybara-3.33.0/lib/capybara/rack_test/browser.rb:45:in `process_and_follow_redirects'[0m
     [36m# /home/ec2-user/.rvm/gems/ruby-2.6.3/gems/capybara-3.33.0/lib/capybara/rack_test/browser.rb:35:in `submit'[0m
     [36m# /home/ec2-user/.rvm/gems/ruby-2.6.3/gems/capybara-3.33.0/lib/capybara/rack_test/form.rb:43:in `submit'[0m
     [36m# /home/ec2-user/.rvm/gems/ruby-2.6.3/gems/capybara-3.33.0/lib/capybara/rack_test/node.rb:75:in `click'[0m
     [36m# /home/ec2-user/.rvm/gems/ruby-2.6.3/gems/capybara-3.33.0/lib/capybara/rack_test/node.rb:137:in `block (2 levels) in <class:Node>'[0m
     [36m# /home/ec2-user/.rvm/gems/ruby-2.6.3/gems/capybara-3.33.0/lib/capybara/node/element.rb:172:in `block in click'[0m
     [36m# /home/ec2-user/.rvm/gems/ruby-2.6.3/gems/capybara-3.33.0/lib/capybara/node/element.rb:601:in `block in perform_click_action'[0m
     [36m# /home/ec2-user/.rvm/gems/ruby-2.6.3/gems/capybara-3.33.0/lib/capybara/node/base.rb:83:in `synchronize'[0m
     [36m# /home/ec2-user/.rvm/gems/ruby-2.6.3/gems/capybara-3.33.0/lib/capybara/node/element.rb:601:in `perform_click_action'[0m
     [36m# /home/ec2-user/.rvm/gems/ruby-2.6.3/gems/capybara-3.33.0/lib/capybara/node/element.rb:171:in `click'[0m
     [36m# /home/ec2-user/.rvm/gems/ruby-2.6.3/gems/capybara-3.33.0/lib/capybara/node/actions.rb:58:in `click_button'[0m
     [36m# /home/ec2-user/.rvm/gems/ruby-2.6.3/gems/capybara-3.33.0/lib/capybara/session.rb:759:in `block (2 levels) in <class:Session>'[0m
     [36m# /home/ec2-user/.rvm/gems/ruby-2.6.3/gems/capybara-3.33.0/lib/capybara/dsl.rb:58:in `block (2 levels) in <module:DSL>'[0m
     [36m# ./spec/system/books_spec.rb:35:in `block (4 levels) in <main>'[0m
     [36m# ------------------[0m
     [36m# --- Caused by: ---[0m
     [36m# NoMethodError:[0m
     [36m#   undefined method `name' for nil:NilClass[0m
     [36m#   ./app/views/users/_user.html.erb:7:in `_app_views_users__user_html_erb___2649469106981886495_54546500'[0m

  2) 投稿のテスト 編集のテスト 表示の確認 Showリンクが表示される
     [31mFailure/Error: expect(page).to have_link 'Show', href: book_path(book)[0m
     [31m  expected to find link "Show" with href "/books/1" but there were no matches[0m
     [31m[0m
     [31m[0m
     [31m[0m
     [36m# ./spec/system/books_spec.rb:69:in `block (4 levels) in <main>'[0m

  3) 投稿のテスト 編集のテスト 表示の確認 Backリンクが表示される
     [31mFailure/Error: expect(page).to have_link 'Back', href: books_path[0m
     [31m  expected to find link "Back" with href "/books" but there were no matches[0m
     [31m[0m
     [31m[0m
     [31m[0m
     [36m# ./spec/system/books_spec.rb:72:in `block (4 levels) in <main>'[0m

  4) 投稿のテスト 一覧画面のテスト 表示の確認 自分と他人の画像のリンク先が正しい
     [31mFailure/Error: expect(page).to have_link '', href: user_path(book2.user)[0m
     [31m  expected to find link "" with href "/users/1" but there were no matches[0m
     [31m[0m
     [31m[0m
     [31m[0m
     [36m# ./spec/system/books_spec.rb:102:in `block (4 levels) in <main>'[0m

  5) 投稿のテスト 詳細画面のテスト 自分・他人共通の投稿詳細画面の表示を確認 Book detailと表示される
     [31mFailure/Error: expect(page).to have_content 'Book detail'[0m
     [31m  expected to find text "Book detail" in "Bookers\nHome Users Books\nユーザプロフィールです\nxafwavs58l\nwed5613ui0m5l4ot5xpj\nプロフィール編集\nNew book\ntitle\nOpinion\n詳細ページです\n1w1gy\n6h2pa68eycfdmonsg3pu\nEdit\nCopyRight Infratop.inc"[0m
     [31m[0m
     [31m[0m
     [31m[0m
     [36m# ./spec/system/books_spec.rb:119:in `block (4 levels) in <main>'[0m

  6) 投稿のテスト 詳細画面のテスト 自分・他人共通の投稿詳細画面の表示を確認 ユーザー画像・名前のリンク先が正しい
     [31mFailure/Error: expect(page).to have_link book.user.name, href: user_path(book.user)[0m
     [31m  expected to find link "nk5im3ff0d" with href "/users/2" but there were no matches[0m
     [31m[0m
     [31m[0m
     [31m[0m
     [36m# ./spec/system/books_spec.rb:123:in `block (4 levels) in <main>'[0m

  7) 投稿のテスト 詳細画面のテスト 自分の投稿詳細画面の表示を確認 投稿の削除リンクが表示される
     [31mFailure/Error: expect(page).to have_link 'Destroy', href: book_path(book)[0m
     [31m  expected to find link "Destroy" with href "/books/1" but there were no matches[0m
     [31m[0m
     [31m[0m
     [31m[0m
     [36m# ./spec/system/books_spec.rb:141:in `block (4 levels) in <main>'[0m

  8) bootstrapのテスト グリッドシステムのテスト ユーザー関連画面 一覧画面
     [31mFailure/Error: expect(page).to have_selector('.container .row .col-xs-3')[0m
     [31m  expected to find css ".container .row .col-xs-3" but there were no matches[0m
     [31m[0m
     [31m[0m
     [31m[0m
     [36m# ./spec/system/bootstrap_spec.rb:16:in `block (4 levels) in <main>'[0m

  9) bootstrapのテスト グリッドシステムのテスト ユーザー関連画面 詳細画面
     [31mFailure/Error: expect(page).to have_selector('.container .row .col-xs-3')[0m
     [31m  expected to find css ".container .row .col-xs-3" but there were no matches[0m
     [31m[0m
     [31m[0m
     [31m[0m
     [36m# ./spec/system/bootstrap_spec.rb:21:in `block (4 levels) in <main>'[0m

  10) bootstrapのテスト グリッドシステムのテスト 投稿関連画面 一覧画面
      [31mFailure/Error: expect(page).to have_selector('.container .row .col-xs-3')[0m
      [31m  expected to find css ".container .row .col-xs-3" but there were no matches[0m
      [31m[0m
      [31m[0m
      [31m[0m
      [36m# ./spec/system/bootstrap_spec.rb:28:in `block (4 levels) in <main>'[0m

  11) bootstrapのテスト グリッドシステムのテスト 投稿関連画面 詳細画面
      [31mFailure/Error: expect(page).to have_selector('.container .row .col-xs-3')[0m
      [31m  expected to find css ".container .row .col-xs-3" but there were no matches[0m
      [31m[0m
      [31m[0m
      [31m[0m
      [36m# ./spec/system/bootstrap_spec.rb:33:in `block (4 levels) in <main>'[0m

  12) ヘッダーのテスト ログインしていない場合 ヘッダーの表示を確認 Homeリンクが表示される
      [31mFailure/Error: expect(home_link).to match(/home/i)[0m
      [31m[0m
      [31m  expected "Bookers" to match /home/i[0m
      [31m  Diff:[0m[0m
      [31m  [0m[34m@@ -1 +1 @@[0m
      [31m  [0m[31m-/home/i[0m
      [31m  [0m[32m+"Bookers"[0m
      [31m  [0m[0m
      [31m[0m
      [31m[0m
      [31m[0m
      [36m# ./spec/system/header_spec.rb:15:in `block (4 levels) in <main>'[0m

  13) ヘッダーのテスト ログインしていない場合 ヘッダーの表示を確認 Aboutリンクが表示される
      [31mFailure/Error: expect(about_link).to match(/about/i)[0m
      [31m[0m
      [31m  expected "Home" to match /about/i[0m
      [31m  Diff:[0m[0m
      [31m  [0m[34m@@ -1 +1 @@[0m
      [31m  [0m[31m-/about/i[0m
      [31m  [0m[32m+"Home"[0m
      [31m  [0m[0m
      [31m[0m
      [31m[0m
      [31m[0m
      [36m# ./spec/system/header_spec.rb:20:in `block (4 levels) in <main>'[0m

  14) ヘッダーのテスト ログインしていない場合 ヘッダーの表示を確認 Sign upリンクが表示される
      [31mFailure/Error: expect(signup_link).to match(/sign up/i)[0m
      [31m[0m
      [31m  expected "About" to match /sign up/i[0m
      [31m  Diff:[0m[0m
      [31m  [0m[34m@@ -1 +1 @@[0m
      [31m  [0m[31m-/sign up/i[0m
      [31m  [0m[32m+"About"[0m
      [31m  [0m[0m
      [31m[0m
      [31m[0m
      [31m[0m
      [36m# ./spec/system/header_spec.rb:25:in `block (4 levels) in <main>'[0m

  15) ヘッダーのテスト ログインしていない場合 ヘッダーの表示を確認 loginリンクが表示される
      [31mFailure/Error: expect(login_link).to match(/login/i)[0m
      [31m[0m
      [31m  expected "sign up" to match /login/i[0m
      [31m  Diff:[0m[0m
      [31m  [0m[34m@@ -1 +1 @@[0m
      [31m  [0m[31m-/login/i[0m
      [31m  [0m[32m+"sign up"[0m
      [31m  [0m[0m
      [31m[0m
      [31m[0m
      [31m[0m
      [36m# ./spec/system/header_spec.rb:30:in `block (4 levels) in <main>'[0m

  16) ヘッダーのテスト ログインしていない場合 ヘッダーのリンクを確認 About画面に遷移する
      [31mFailure/Error: is_expected.to eq('/home/about')[0m
      [31m[0m
      [31m  expected: "/home/about"[0m
      [31m       got: "/"[0m
      [31m[0m
      [31m  (compared using ==)[0m
      [31m[0m
      [31m[0m
      [31m[0m
      [36m# ./spec/system/header_spec.rb:47:in `block (4 levels) in <main>'[0m

  17) ヘッダーのテスト ログインしていない場合 ヘッダーのリンクを確認 新規登録画面に遷移する
      [31mFailure/Error: is_expected.to eq(new_user_registration_path)[0m
      [31m[0m
      [31m  expected: "/users/sign_up"[0m
      [31m       got: "/home/about"[0m
      [31m[0m
      [31m  (compared using ==)[0m
      [31m[0m
      [31m[0m
      [31m[0m
      [36m# ./spec/system/header_spec.rb:53:in `block (4 levels) in <main>'[0m

  18) ヘッダーのテスト ログインしていない場合 ヘッダーのリンクを確認 ログイン画面に遷移する
      [31mFailure/Error: is_expected.to eq(new_user_session_path)[0m
      [31m[0m
      [31m  expected: "/users/sign_in"[0m
      [31m       got: "/users/sign_up"[0m
      [31m[0m
      [31m  (compared using ==)[0m
      [31m[0m
      [31m[0m
      [31m[0m
      [36m# ./spec/system/header_spec.rb:59:in `block (4 levels) in <main>'[0m

  19) ヘッダーのテスト ログインしている場合 ヘッダーの表示を確認 Homeリンクが表示される
      [31mFailure/Error: expect(home_link).to match(/home/i)[0m
      [31m[0m
      [31m  expected "Bookers" to match /home/i[0m
      [31m  Diff:[0m[0m
      [31m  [0m[34m@@ -1 +1 @@[0m
      [31m  [0m[31m-/home/i[0m
      [31m  [0m[32m+"Bookers"[0m
      [31m  [0m[0m
      [31m[0m
      [31m[0m
      [31m[0m
      [36m# ./spec/system/header_spec.rb:79:in `block (4 levels) in <main>'[0m

  20) ヘッダーのテスト ログインしている場合 ヘッダーの表示を確認 Usersリンクが表示される
      [31mFailure/Error: expect(users_link).to match(/users/i)[0m
      [31m[0m
      [31m  expected "Home" to match /users/i[0m
      [31m  Diff:[0m[0m
      [31m  [0m[34m@@ -1 +1 @@[0m
      [31m  [0m[31m-/users/i[0m
      [31m  [0m[32m+"Home"[0m
      [31m  [0m[0m
      [31m[0m
      [31m[0m
      [31m[0m
      [36m# ./spec/system/header_spec.rb:83:in `block (4 levels) in <main>'[0m

  21) ヘッダーのテスト ログインしている場合 ヘッダーの表示を確認 Booksリンクが表示される
      [31mFailure/Error: expect(books_link).to match(/books/i)[0m
      [31m[0m
      [31m  expected "Users" to match /books/i[0m
      [31m  Diff:[0m[0m
      [31m  [0m[34m@@ -1 +1 @@[0m
      [31m  [0m[31m-/books/i[0m
      [31m  [0m[32m+"Users"[0m
      [31m  [0m[0m
      [31m[0m
      [31m[0m
      [31m[0m
      [36m# ./spec/system/header_spec.rb:87:in `block (4 levels) in <main>'[0m

  22) ヘッダーのテスト ログインしている場合 ヘッダーの表示を確認 logoutリンクが表示される
      [31mFailure/Error: expect(logout_link).to match(/logout/i)[0m
      [31m[0m
      [31m  expected "Books" to match /logout/i[0m
      [31m  Diff:[0m[0m
      [31m  [0m[34m@@ -1 +1 @@[0m
      [31m  [0m[31m-/logout/i[0m
      [31m  [0m[32m+"Books"[0m
      [31m  [0m[0m
      [31m[0m
      [31m[0m
      [31m[0m
      [36m# ./spec/system/header_spec.rb:91:in `block (4 levels) in <main>'[0m

  23) ヘッダーのテスト ログインしている場合 ヘッダーのリンクを確認 Users画面に遷移する
      [31mFailure/Error: is_expected.to eq('/users')[0m
      [31m[0m
      [31m  expected: "/users"[0m
      [31m       got: "/users/1"[0m
      [31m[0m
      [31m  (compared using ==)[0m
      [31m[0m
      [31m[0m
      [31m[0m
      [36m# ./spec/system/header_spec.rb:107:in `block (4 levels) in <main>'[0m

  24) ヘッダーのテスト ログインしている場合 ヘッダーのリンクを確認 Books画面に遷移する
      [31mFailure/Error: is_expected.to eq('/books')[0m
      [31m[0m
      [31m  expected: "/books"[0m
      [31m       got: "/users"[0m
      [31m[0m
      [31m  (compared using ==)[0m
      [31m[0m
      [31m[0m
      [31m[0m
      [36m# ./spec/system/header_spec.rb:113:in `block (4 levels) in <main>'[0m

  25) ヘッダーのテスト ログインしている場合 ヘッダーのリンクを確認 logoutする
      [31mFailure/Error: expect(page).to have_content 'Signed out successfully.'[0m
      [31m  expected to find text "Signed out successfully." in "Bookers\nHome Users Books\n本一覧\nNew book\ntitle\nOpinion\nユーザプロフィールです\ngd46mkuzaq\n8towee7y2dic6aawqpvs\nプロフィール編集\nCopyRight Infratop.inc"[0m
      [31m[0m
      [31m[0m
      [31m[0m
      [36m# ./spec/system/header_spec.rb:119:in `block (4 levels) in <main>'[0m

  26) トップページのテスト ボディ部分のテスト 表示の確認 Log inリンクが表示される
      [31mFailure/Error: expect(login_link).to match(/log in/i)[0m
      [31m[0m
      [31m  expected "login" to match /log in/i[0m
      [31m  Diff:[0m[0m
      [31m  [0m[34m@@ -1 +1 @@[0m
      [31m  [0m[31m-/log in/i[0m
      [31m  [0m[32m+"login"[0m
      [31m  [0m[0m
      [31m[0m
      [31m[0m
      [31m[0m
      [36m# ./spec/system/top_spec.rb:12:in `block (4 levels) in <main>'[0m

  27) トップページのテスト ボディ部分のテスト 表示の確認 Sign Upリンクが表示される
      [31mFailure/Error: signup_link = find_all('a')[5].native.inner_text[0m
      [31m[0m
      [31mNoMethodError:[0m
      [31m  undefined method `native' for nil:NilClass[0m
      [31m[0m
      [31m[0m
      [31m[0m
      [36m# ./spec/system/top_spec.rb:16:in `block (4 levels) in <main>'[0m

  28) トップページのテスト ボディ部分のテスト ログインしている場合の挙動を確認 Log inリンクをクリックしたらユーザー詳細画面へ遷移する
      [31mFailure/Error: login_link = find_all('a')[4].native.inner_text[0m
      [31m[0m
      [31mNoMethodError:[0m
      [31m  undefined method `native' for nil:NilClass[0m
      [31m[0m
      [31m[0m
      [31m[0m
      [36m# ./spec/system/top_spec.rb:31:in `block (4 levels) in <main>'[0m

  29) トップページのテスト ボディ部分のテスト ログインしている場合の挙動を確認 Sign Upリンクをクリックしたらユーザー詳細画面に遷移する
      [31mFailure/Error: signup_link = find_all('a')[5].native.inner_text[0m
      [31m[0m
      [31mNoMethodError:[0m
      [31m  undefined method `native' for nil:NilClass[0m
      [31m[0m
      [31m[0m
      [31m[0m
      [36m# ./spec/system/top_spec.rb:36:in `block (4 levels) in <main>'[0m

  30) トップページのテスト ボディ部分のテスト ログインしていない場合の挙動を確認 Sign Upリンクをクリックしたら新規登録画面に遷移する
      [31mFailure/Error: signup_link = find_all('a')[5].native.inner_text[0m
      [31m[0m
      [31mNoMethodError:[0m
      [31m  undefined method `native' for nil:NilClass[0m
      [31m[0m
      [31m[0m
      [31m[0m
      [36m# ./spec/system/top_spec.rb:49:in `block (4 levels) in <main>'[0m

  31) ユーザーのテスト サイドバーのテスト 表示の確認 User infoと表示される
      [31mFailure/Error: expect(page).to have_content('User info')[0m
      [31m  expected to find text "User info" in "Bookers\nHome Users Books\nSigned in successfully.\nログイン後の一覧ページ画面です\nht99o 1qz25k3shbvt21678pfz\nNew book\ntitle\nOpinion\nユーザプロフィールです\n7k8d4g3ux2\nl4iz4k8q24o53wlgwkwz\nプロフィール編集\nCopyRight Infratop.inc"[0m
      [31m[0m
      [31m[0m
      [31m[0m
      [36m# ./spec/system/users_spec.rb:68:in `block (4 levels) in <main>'[0m

  32) ユーザーのテスト 編集のテスト 他人の編集画面への遷移 遷移できない
      [31mFailure/Error: expect(current_path).to eq('/users/' + user.id.to_s)[0m
      [31m[0m
      [31m  expected: "/users/2"[0m
      [31m       got: "/users"[0m
      [31m[0m
      [31m  (compared using ==)[0m
      [31m[0m
      [31m[0m
      [31m[0m
      [36m# ./spec/system/users_spec.rb:96:in `block (4 levels) in <main>'[0m

  33) ユーザーのテスト 編集のテスト 表示の確認 User infoと表示される
      [31mFailure/Error: expect(page).to have_content('User info')[0m
      [31m  expected to find text "User info" in "Bookers\nHome Users Books\nユーザ情報の更新\nname\nIntroduction\nypqe5geu33jzn5v9pd94\nImage\nProfileImage\nCopyRight Infratop.inc"[0m
      [31m[0m
      [31m[0m
      [31m[0m
      [36m# ./spec/system/users_spec.rb:105:in `block (4 levels) in <main>'[0m

  34) ユーザーのテスト 一覧画面のテスト 表示の確認 showリンクが表示される
      [31mFailure/Error: expect(page).to have_link 'Show', href: user_path(user)[0m
      [31m  expected to find link "Show" with href "/users/2" but there were no matches[0m
      [31m[0m
      [31m[0m
      [31m[0m
      [36m# ./spec/system/users_spec.rb:147:in `block (4 levels) in <main>'[0m

Finished in 3.26 seconds (files took 1.27 seconds to load)
[31m95 examples, 34 failures[0m

Failed examples:

[31mrspec ./spec/system/books_spec.rb:34[0m [36m# 投稿のテスト サイドバーのテスト 表示の確認 投稿に失敗する[0m
[31mrspec ./spec/system/books_spec.rb:68[0m [36m# 投稿のテスト 編集のテスト 表示の確認 Showリンクが表示される[0m
[31mrspec ./spec/system/books_spec.rb:71[0m [36m# 投稿のテスト 編集のテスト 表示の確認 Backリンクが表示される[0m
[31mrspec ./spec/system/books_spec.rb:100[0m [36m# 投稿のテスト 一覧画面のテスト 表示の確認 自分と他人の画像のリンク先が正しい[0m
[31mrspec ./spec/system/books_spec.rb:117[0m [36m# 投稿のテスト 詳細画面のテスト 自分・他人共通の投稿詳細画面の表示を確認 Book detailと表示される[0m
[31mrspec ./spec/system/books_spec.rb:121[0m [36m# 投稿のテスト 詳細画面のテスト 自分・他人共通の投稿詳細画面の表示を確認 ユーザー画像・名前のリンク先が正しい[0m
[31mrspec ./spec/system/books_spec.rb:139[0m [36m# 投稿のテスト 詳細画面のテスト 自分の投稿詳細画面の表示を確認 投稿の削除リンクが表示される[0m
[31mrspec ./spec/system/bootstrap_spec.rb:14[0m [36m# bootstrapのテスト グリッドシステムのテスト ユーザー関連画面 一覧画面[0m
[31mrspec ./spec/system/bootstrap_spec.rb:19[0m [36m# bootstrapのテスト グリッドシステムのテスト ユーザー関連画面 詳細画面[0m
[31mrspec ./spec/system/bootstrap_spec.rb:26[0m [36m# bootstrapのテスト グリッドシステムのテスト 投稿関連画面 一覧画面[0m
[31mrspec ./spec/system/bootstrap_spec.rb:31[0m [36m# bootstrapのテスト グリッドシステムのテスト 投稿関連画面 詳細画面[0m
[31mrspec ./spec/system/header_spec.rb:13[0m [36m# ヘッダーのテスト ログインしていない場合 ヘッダーの表示を確認 Homeリンクが表示される[0m
[31mrspec ./spec/system/header_spec.rb:18[0m [36m# ヘッダーのテスト ログインしていない場合 ヘッダーの表示を確認 Aboutリンクが表示される[0m
[31mrspec ./spec/system/header_spec.rb:23[0m [36m# ヘッダーのテスト ログインしていない場合 ヘッダーの表示を確認 Sign upリンクが表示される[0m
[31mrspec ./spec/system/header_spec.rb:28[0m [36m# ヘッダーのテスト ログインしていない場合 ヘッダーの表示を確認 loginリンクが表示される[0m
[31mrspec ./spec/system/header_spec.rb:43[0m [36m# ヘッダーのテスト ログインしていない場合 ヘッダーのリンクを確認 About画面に遷移する[0m
[31mrspec ./spec/system/header_spec.rb:49[0m [36m# ヘッダーのテスト ログインしていない場合 ヘッダーのリンクを確認 新規登録画面に遷移する[0m
[31mrspec ./spec/system/header_spec.rb:55[0m [36m# ヘッダーのテスト ログインしていない場合 ヘッダーのリンクを確認 ログイン画面に遷移する[0m
[31mrspec ./spec/system/header_spec.rb:77[0m [36m# ヘッダーのテスト ログインしている場合 ヘッダーの表示を確認 Homeリンクが表示される[0m
[31mrspec ./spec/system/header_spec.rb:81[0m [36m# ヘッダーのテスト ログインしている場合 ヘッダーの表示を確認 Usersリンクが表示される[0m
[31mrspec ./spec/system/header_spec.rb:85[0m [36m# ヘッダーのテスト ログインしている場合 ヘッダーの表示を確認 Booksリンクが表示される[0m
[31mrspec ./spec/system/header_spec.rb:89[0m [36m# ヘッダーのテスト ログインしている場合 ヘッダーの表示を確認 logoutリンクが表示される[0m
[31mrspec ./spec/system/header_spec.rb:103[0m [36m# ヘッダーのテスト ログインしている場合 ヘッダーのリンクを確認 Users画面に遷移する[0m
[31mrspec ./spec/system/header_spec.rb:109[0m [36m# ヘッダーのテスト ログインしている場合 ヘッダーのリンクを確認 Books画面に遷移する[0m
[31mrspec ./spec/system/header_spec.rb:115[0m [36m# ヘッダーのテスト ログインしている場合 ヘッダーのリンクを確認 logoutする[0m
[31mrspec ./spec/system/top_spec.rb:10[0m [36m# トップページのテスト ボディ部分のテスト 表示の確認 Log inリンクが表示される[0m
[31mrspec ./spec/system/top_spec.rb:15[0m [36m# トップページのテスト ボディ部分のテスト 表示の確認 Sign Upリンクが表示される[0m
[31mrspec ./spec/system/top_spec.rb:30[0m [36m# トップページのテスト ボディ部分のテスト ログインしている場合の挙動を確認 Log inリンクをクリックしたらユーザー詳細画面へ遷移する[0m
[31mrspec ./spec/system/top_spec.rb:35[0m [36m# トップページのテスト ボディ部分のテスト ログインしている場合の挙動を確認 Sign Upリンクをクリックしたらユーザー詳細画面に遷移する[0m
[31mrspec ./spec/system/top_spec.rb:48[0m [36m# トップページのテスト ボディ部分のテスト ログインしていない場合の挙動を確認 Sign Upリンクをクリックしたら新規登録画面に遷移する[0m
[31mrspec ./spec/system/users_spec.rb:67[0m [36m# ユーザーのテスト サイドバーのテスト 表示の確認 User infoと表示される[0m
[31mrspec ./spec/system/users_spec.rb:94[0m [36m# ユーザーのテスト 編集のテスト 他人の編集画面への遷移 遷移できない[0m
[31mrspec ./spec/system/users_spec.rb:104[0m [36m# ユーザーのテスト 編集のテスト 表示の確認 User infoと表示される[0m
[31mrspec ./spec/system/users_spec.rb:146[0m [36m# ユーザーのテスト 一覧画面のテスト 表示の確認 showリンクが表示される[0m

